  main.cpp
C:\Users\mrade\Desktop\Cinder\samples\MyCinderApp\vc2019\src\Shape.h(71,21): warning C4305: 'argument': truncation from 'double' to 'float'
C:\Users\mrade\Desktop\Cinder\samples\MyCinderApp\vc2019\src\main.cpp(89,60): warning C4244: 'argument': conversion from 'const T' to 'float', possible loss of data
          with
          [
              T=glm::i32
          ]
C:\Users\mrade\Desktop\Cinder\samples\MyCinderApp\vc2019\src\main.cpp(89,42): warning C4244: 'argument': conversion from 'const T' to 'float', possible loss of data
          with
          [
              T=glm::i32
          ]
C:\Users\mrade\Desktop\Cinder\samples\MyCinderApp\vc2019\src\main.cpp(99,59): warning C4244: 'argument': conversion from 'const T' to 'float', possible loss of data
          with
          [
              T=glm::i32
          ]
C:\Users\mrade\Desktop\Cinder\samples\MyCinderApp\vc2019\src\main.cpp(99,41): warning C4244: 'argument': conversion from 'const T' to 'float', possible loss of data
          with
          [
              T=glm::i32
          ]
  BasicApp.vcxproj -> C:\Users\mrade\Desktop\Cinder\samples\MyCinderApp\vc2019\x64\Debug\BasicApp.exe
